2025-04-29 18:42:51,312 - INFO - Configuration:
2025-04-29 18:42:51,313 - INFO -   BASE_DIR: C:\Users\abidine.mouliom\Documents\GitHub\m7-pipeline-usage-local
2025-04-29 18:42:51,313 - INFO -   DATA_DIR: C:\Users\abidine.mouliom\Documents\GitHub\m7-pipeline-usage-local\data
2025-04-29 18:42:51,314 - INFO -   LANDING_DIR: C:\Users\abidine.mouliom\Documents\GitHub\m7-pipeline-usage-local\data\landing
2025-04-29 18:42:51,314 - INFO -   RAW_DIR: C:\Users\abidine.mouliom\Documents\GitHub\m7-pipeline-usage-local\data\raw
2025-04-29 18:42:51,315 - INFO -   SILVER_DIR: C:\Users\abidine.mouliom\Documents\GitHub\m7-pipeline-usage-local\data\silver
2025-04-29 18:42:51,316 - INFO -   LOGS_DIR: C:\Users\abidine.mouliom\Documents\GitHub\m7-pipeline-usage-local\data\logs
2025-04-29 18:42:51,316 - INFO -   EXPECTED_TABLES: ['Device', 'EPG', 'Playback', 'User', 'Smartcard', 'VODCatalog', 'VODCatalogExtended']
2025-04-29 18:42:51,317 - INFO -   MOCK_SNOWFLAKE: True
2025-04-29 18:42:51,317 - INFO -   LOG_LEVEL: INFO
2025-04-29 18:42:51,317 - INFO -   DELETE_SOURCE_FILES: True
2025-04-29 18:42:51,317 - INFO - Process started at: 2025-04-29 18:42:51.317700
2025-04-29 18:42:51,319 - INFO - Starting process_and_convert
2025-04-29 18:42:51,320 - INFO - Processing group: brand=Canal Digitaal - Resellers, date=20250416
2025-04-29 18:42:51,353 - INFO - Copying C:\Users\abidine.mouliom\Documents\GitHub\m7-pipeline-usage-local\data\landing\Canal Digitaal - Resellers_Device_20250416.csv to C:\Users\abidine.mouliom\Documents\GitHub\m7-pipeline-usage-local\data\raw\20250416\canal_digitaal__resellers\Canal Digitaal - Resellers_Device_20250416.csv
2025-04-29 18:42:51,417 - INFO - Removed original file: C:\Users\abidine.mouliom\Documents\GitHub\m7-pipeline-usage-local\data\landing\Canal Digitaal - Resellers_Device_20250416.csv
2025-04-29 18:42:51,418 - INFO - Converting C:\Users\abidine.mouliom\Documents\GitHub\m7-pipeline-usage-local\data\raw\20250416\canal_digitaal__resellers\Canal Digitaal - Resellers_Device_20250416.csv to Parquet format
2025-04-29 18:42:52,430 - INFO - Parquet written to C:\Users\abidine.mouliom\Documents\GitHub\m7-pipeline-usage-local\data\silver\20250416\canal_digitaal__resellers\Canal Digitaal - Resellers_Device_20250416.parquet
2025-04-29 18:42:52,449 - INFO - Copying C:\Users\abidine.mouliom\Documents\GitHub\m7-pipeline-usage-local\data\landing\Canal Digitaal - Resellers_EPG_20250416.csv to C:\Users\abidine.mouliom\Documents\GitHub\m7-pipeline-usage-local\data\raw\20250416\canal_digitaal__resellers\Canal Digitaal - Resellers_EPG_20250416.csv
2025-04-29 18:42:52,468 - INFO - Removed original file: C:\Users\abidine.mouliom\Documents\GitHub\m7-pipeline-usage-local\data\landing\Canal Digitaal - Resellers_EPG_20250416.csv
2025-04-29 18:42:52,468 - INFO - Converting C:\Users\abidine.mouliom\Documents\GitHub\m7-pipeline-usage-local\data\raw\20250416\canal_digitaal__resellers\Canal Digitaal - Resellers_EPG_20250416.csv to Parquet format
2025-04-29 18:42:52,609 - INFO - Parquet written to C:\Users\abidine.mouliom\Documents\GitHub\m7-pipeline-usage-local\data\silver\20250416\canal_digitaal__resellers\Canal Digitaal - Resellers_EPG_20250416.parquet
2025-04-29 18:42:52,632 - INFO - Copying C:\Users\abidine.mouliom\Documents\GitHub\m7-pipeline-usage-local\data\landing\Canal Digitaal - Resellers_Playback_20250416.csv to C:\Users\abidine.mouliom\Documents\GitHub\m7-pipeline-usage-local\data\raw\20250416\canal_digitaal__resellers\Canal Digitaal - Resellers_Playback_20250416.csv
2025-04-29 18:42:53,363 - INFO - Removed original file: C:\Users\abidine.mouliom\Documents\GitHub\m7-pipeline-usage-local\data\landing\Canal Digitaal - Resellers_Playback_20250416.csv
2025-04-29 18:42:53,364 - INFO - Converting C:\Users\abidine.mouliom\Documents\GitHub\m7-pipeline-usage-local\data\raw\20250416\canal_digitaal__resellers\Canal Digitaal - Resellers_Playback_20250416.csv to Parquet format
2025-04-29 18:43:00,126 - INFO - Parquet written to C:\Users\abidine.mouliom\Documents\GitHub\m7-pipeline-usage-local\data\silver\20250416\canal_digitaal__resellers\Canal Digitaal - Resellers_Playback_20250416.parquet
2025-04-29 18:43:00,143 - INFO - Copying C:\Users\abidine.mouliom\Documents\GitHub\m7-pipeline-usage-local\data\landing\Canal Digitaal - Resellers_User_20250416.csv to C:\Users\abidine.mouliom\Documents\GitHub\m7-pipeline-usage-local\data\raw\20250416\canal_digitaal__resellers\Canal Digitaal - Resellers_User_20250416.csv
2025-04-29 18:43:00,169 - INFO - Removed original file: C:\Users\abidine.mouliom\Documents\GitHub\m7-pipeline-usage-local\data\landing\Canal Digitaal - Resellers_User_20250416.csv
2025-04-29 18:43:00,170 - INFO - Converting C:\Users\abidine.mouliom\Documents\GitHub\m7-pipeline-usage-local\data\raw\20250416\canal_digitaal__resellers\Canal Digitaal - Resellers_User_20250416.csv to Parquet format
2025-04-29 18:43:00,548 - INFO - Parquet written to C:\Users\abidine.mouliom\Documents\GitHub\m7-pipeline-usage-local\data\silver\20250416\canal_digitaal__resellers\Canal Digitaal - Resellers_User_20250416.parquet
2025-04-29 18:43:00,564 - INFO - Copying C:\Users\abidine.mouliom\Documents\GitHub\m7-pipeline-usage-local\data\landing\Canal Digitaal - Resellers_VODCatalogExtended_20250416.csv to C:\Users\abidine.mouliom\Documents\GitHub\m7-pipeline-usage-local\data\raw\20250416\canal_digitaal__resellers\Canal Digitaal - Resellers_VODCatalogExtended_20250416.csv
2025-04-29 18:43:00,573 - INFO - Removed original file: C:\Users\abidine.mouliom\Documents\GitHub\m7-pipeline-usage-local\data\landing\Canal Digitaal - Resellers_VODCatalogExtended_20250416.csv
2025-04-29 18:43:00,573 - INFO - Converting C:\Users\abidine.mouliom\Documents\GitHub\m7-pipeline-usage-local\data\raw\20250416\canal_digitaal__resellers\Canal Digitaal - Resellers_VODCatalogExtended_20250416.csv to Parquet format
2025-04-29 18:43:00,644 - INFO - Parquet written to C:\Users\abidine.mouliom\Documents\GitHub\m7-pipeline-usage-local\data\silver\20250416\canal_digitaal__resellers\Canal Digitaal - Resellers_VODCatalogExtended_20250416.parquet
2025-04-29 18:43:00,662 - INFO - Copying C:\Users\abidine.mouliom\Documents\GitHub\m7-pipeline-usage-local\data\landing\Canal Digitaal - Resellers_VODCatalog_20250416.csv to C:\Users\abidine.mouliom\Documents\GitHub\m7-pipeline-usage-local\data\raw\20250416\canal_digitaal__resellers\Canal Digitaal - Resellers_VODCatalog_20250416.csv
2025-04-29 18:43:00,686 - INFO - Removed original file: C:\Users\abidine.mouliom\Documents\GitHub\m7-pipeline-usage-local\data\landing\Canal Digitaal - Resellers_VODCatalog_20250416.csv
2025-04-29 18:43:00,694 - INFO - Converting C:\Users\abidine.mouliom\Documents\GitHub\m7-pipeline-usage-local\data\raw\20250416\canal_digitaal__resellers\Canal Digitaal - Resellers_VODCatalog_20250416.csv to Parquet format
2025-04-29 18:43:00,879 - INFO - Parquet written to C:\Users\abidine.mouliom\Documents\GitHub\m7-pipeline-usage-local\data\silver\20250416\canal_digitaal__resellers\Canal Digitaal - Resellers_VODCatalog_20250416.parquet
2025-04-29 18:43:00,882 - ERROR - ERREUR CRITIQUE: Object of type mappingproxy is not JSON serializable
2025-04-29 18:43:00,888 - ERROR - Traceback (most recent call last):
  File "C:\Users\abidine.mouliom\Documents\GitHub\m7-pipeline-usage-local\scripts\raw_to_silver.py", line 400, in <module>
    moved_count = process_and_convert()
                  ^^^^^^^^^^^^^^^^^^^^^
  File "C:\Users\abidine.mouliom\Documents\GitHub\m7-pipeline-usage-local\scripts\raw_to_silver.py", line 320, in process_and_convert
    insert_log_local(now, brand, dt, detail, status)
  File "C:\Users\abidine.mouliom\Documents\GitHub\m7-pipeline-usage-local\scripts\raw_to_silver.py", line 129, in insert_log_local
    json.dump(log_entry, f, indent=2)
  File "C:\Program Files\WindowsApps\PythonSoftwareFoundation.Python.3.11_3.11.2544.0_x64__qbz5n2kfra8p0\Lib\json\__init__.py", line 179, in dump
    for chunk in iterable:
  File "C:\Program Files\WindowsApps\PythonSoftwareFoundation.Python.3.11_3.11.2544.0_x64__qbz5n2kfra8p0\Lib\json\encoder.py", line 432, in _iterencode
    yield from _iterencode_dict(o, _current_indent_level)
  File "C:\Program Files\WindowsApps\PythonSoftwareFoundation.Python.3.11_3.11.2544.0_x64__qbz5n2kfra8p0\Lib\json\encoder.py", line 406, in _iterencode_dict
    yield from chunks
  File "C:\Program Files\WindowsApps\PythonSoftwareFoundation.Python.3.11_3.11.2544.0_x64__qbz5n2kfra8p0\Lib\json\encoder.py", line 406, in _iterencode_dict
    yield from chunks
  File "C:\Program Files\WindowsApps\PythonSoftwareFoundation.Python.3.11_3.11.2544.0_x64__qbz5n2kfra8p0\Lib\json\encoder.py", line 406, in _iterencode_dict
    yield from chunks
  [Previous line repeated 3 more times]
  File "C:\Program Files\WindowsApps\PythonSoftwareFoundation.Python.3.11_3.11.2544.0_x64__qbz5n2kfra8p0\Lib\json\encoder.py", line 439, in _iterencode
    o = _default(o)
        ^^^^^^^^^^^
  File "C:\Program Files\WindowsApps\PythonSoftwareFoundation.Python.3.11_3.11.2544.0_x64__qbz5n2kfra8p0\Lib\json\encoder.py", line 180, in default
    raise TypeError(f'Object of type {o.__class__.__name__} '
TypeError: Object of type mappingproxy is not JSON serializable

2025-04-29 18:59:55,501 - INFO - Starting RAW to SILVER processing
2025-04-29 18:59:55,501 - INFO - Configuration:
2025-04-29 18:59:55,501 - INFO -   BASE_DIR: C:\Users\abidine.mouliom\Documents\GitHub\m7-pipeline-usage-local
2025-04-29 18:59:55,502 - INFO -   DATA_DIR: C:\Users\abidine.mouliom\Documents\GitHub\m7-pipeline-usage-local\data
2025-04-29 18:59:55,502 - INFO -   LANDING_DIR: C:\Users\abidine.mouliom\Documents\GitHub\m7-pipeline-usage-local\data\landing
2025-04-29 18:59:55,502 - INFO -   RAW_DIR: C:\Users\abidine.mouliom\Documents\GitHub\m7-pipeline-usage-local\data\raw
2025-04-29 18:59:55,502 - INFO -   SILVER_DIR: C:\Users\abidine.mouliom\Documents\GitHub\m7-pipeline-usage-local\data\silver
2025-04-29 18:59:55,502 - INFO -   LOGS_DIR: C:\Users\abidine.mouliom\Documents\GitHub\m7-pipeline-usage-local\data\logs
2025-04-29 18:59:55,502 - INFO -   EXPECTED_TABLES: ['Device', 'EPG', 'Playback', 'User', 'Smartcard', 'VODCatalog', 'VODCatalogExtended']
2025-04-29 18:59:55,502 - INFO -   MOCK_SNOWFLAKE: True
2025-04-29 18:59:55,502 - INFO -   LOG_LEVEL: INFO
2025-04-29 18:59:55,502 - INFO -   DELETE_SOURCE_FILES: False
2025-04-29 18:59:55,502 - INFO - Process started at: 2025-04-29 18:59:55.502674
2025-04-29 18:59:55,503 - INFO - Starting process_and_convert
2025-04-29 18:59:55,503 - INFO - LANDING_DIR existe: True
2025-04-29 18:59:55,503 - INFO - Contenu de LANDING_DIR: ['Canal Digitaal - Resellers_Device_20250416.csv', 'Canal Digitaal - Resellers_EPG_20250416.csv', 'Canal Digitaal - Resellers_Playback_20250416.csv', 'Canal Digitaal - Resellers_User_20250416.csv', 'Canal Digitaal - Resellers_VODCatalogExtended_20250416.csv', 'Canal Digitaal - Resellers_VODCatalog_20250416.csv', 'Canal Digitaal_Device_20250416.csv', 'Canal Digitaal_EPG_20250416.csv', 'Canal Digitaal_Playback_20250416.csv', 'Canal Digitaal_User_20250416.csv', 'Canal Digitaal_VODCatalogExtended_20250416.csv', 'Canal Digitaal_VODCatalog_20250416.csv']
2025-04-29 18:59:55,504 - INFO - Processing group: brand=Canal Digitaal - Resellers, date=20250416
2025-04-29 18:59:55,521 - INFO - Copying C:\Users\abidine.mouliom\Documents\GitHub\m7-pipeline-usage-local\data\landing\Canal Digitaal - Resellers_Device_20250416.csv to C:\Users\abidine.mouliom\Documents\GitHub\m7-pipeline-usage-local\data\raw\20250416\canal_digitaal__resellers\Canal Digitaal - Resellers_Device_20250416.csv
2025-04-29 18:59:55,554 - INFO - Keeping original file (DELETE_SOURCE_FILES=false): C:\Users\abidine.mouliom\Documents\GitHub\m7-pipeline-usage-local\data\landing\Canal Digitaal - Resellers_Device_20250416.csv
2025-04-29 18:59:55,555 - INFO - Converting C:\Users\abidine.mouliom\Documents\GitHub\m7-pipeline-usage-local\data\raw\20250416\canal_digitaal__resellers\Canal Digitaal - Resellers_Device_20250416.csv to Parquet format
2025-04-29 18:59:56,356 - INFO - Parquet written to C:\Users\abidine.mouliom\Documents\GitHub\m7-pipeline-usage-local\data\silver\20250416\canal_digitaal__resellers\Canal Digitaal - Resellers_Device_20250416.parquet
2025-04-29 18:59:56,368 - INFO - Copying C:\Users\abidine.mouliom\Documents\GitHub\m7-pipeline-usage-local\data\landing\Canal Digitaal - Resellers_EPG_20250416.csv to C:\Users\abidine.mouliom\Documents\GitHub\m7-pipeline-usage-local\data\raw\20250416\canal_digitaal__resellers\Canal Digitaal - Resellers_EPG_20250416.csv
2025-04-29 18:59:56,379 - INFO - Keeping original file (DELETE_SOURCE_FILES=false): C:\Users\abidine.mouliom\Documents\GitHub\m7-pipeline-usage-local\data\landing\Canal Digitaal - Resellers_EPG_20250416.csv
2025-04-29 18:59:56,381 - INFO - Converting C:\Users\abidine.mouliom\Documents\GitHub\m7-pipeline-usage-local\data\raw\20250416\canal_digitaal__resellers\Canal Digitaal - Resellers_EPG_20250416.csv to Parquet format
2025-04-29 18:59:56,461 - INFO - Parquet written to C:\Users\abidine.mouliom\Documents\GitHub\m7-pipeline-usage-local\data\silver\20250416\canal_digitaal__resellers\Canal Digitaal - Resellers_EPG_20250416.parquet
2025-04-29 18:59:56,472 - INFO - Copying C:\Users\abidine.mouliom\Documents\GitHub\m7-pipeline-usage-local\data\landing\Canal Digitaal - Resellers_Playback_20250416.csv to C:\Users\abidine.mouliom\Documents\GitHub\m7-pipeline-usage-local\data\raw\20250416\canal_digitaal__resellers\Canal Digitaal - Resellers_Playback_20250416.csv
2025-04-29 18:59:56,901 - INFO - Keeping original file (DELETE_SOURCE_FILES=false): C:\Users\abidine.mouliom\Documents\GitHub\m7-pipeline-usage-local\data\landing\Canal Digitaal - Resellers_Playback_20250416.csv
2025-04-29 18:59:56,902 - INFO - Converting C:\Users\abidine.mouliom\Documents\GitHub\m7-pipeline-usage-local\data\raw\20250416\canal_digitaal__resellers\Canal Digitaal - Resellers_Playback_20250416.csv to Parquet format
2025-04-29 19:00:03,143 - INFO - Parquet written to C:\Users\abidine.mouliom\Documents\GitHub\m7-pipeline-usage-local\data\silver\20250416\canal_digitaal__resellers\Canal Digitaal - Resellers_Playback_20250416.parquet
2025-04-29 19:00:03,155 - INFO - Copying C:\Users\abidine.mouliom\Documents\GitHub\m7-pipeline-usage-local\data\landing\Canal Digitaal - Resellers_User_20250416.csv to C:\Users\abidine.mouliom\Documents\GitHub\m7-pipeline-usage-local\data\raw\20250416\canal_digitaal__resellers\Canal Digitaal - Resellers_User_20250416.csv
2025-04-29 19:00:03,171 - INFO - Keeping original file (DELETE_SOURCE_FILES=false): C:\Users\abidine.mouliom\Documents\GitHub\m7-pipeline-usage-local\data\landing\Canal Digitaal - Resellers_User_20250416.csv
2025-04-29 19:00:03,172 - INFO - Converting C:\Users\abidine.mouliom\Documents\GitHub\m7-pipeline-usage-local\data\raw\20250416\canal_digitaal__resellers\Canal Digitaal - Resellers_User_20250416.csv to Parquet format
2025-04-29 19:00:03,690 - INFO - Parquet written to C:\Users\abidine.mouliom\Documents\GitHub\m7-pipeline-usage-local\data\silver\20250416\canal_digitaal__resellers\Canal Digitaal - Resellers_User_20250416.parquet
2025-04-29 19:00:03,704 - INFO - Copying C:\Users\abidine.mouliom\Documents\GitHub\m7-pipeline-usage-local\data\landing\Canal Digitaal - Resellers_VODCatalogExtended_20250416.csv to C:\Users\abidine.mouliom\Documents\GitHub\m7-pipeline-usage-local\data\raw\20250416\canal_digitaal__resellers\Canal Digitaal - Resellers_VODCatalogExtended_20250416.csv
2025-04-29 19:00:03,743 - INFO - Keeping original file (DELETE_SOURCE_FILES=false): C:\Users\abidine.mouliom\Documents\GitHub\m7-pipeline-usage-local\data\landing\Canal Digitaal - Resellers_VODCatalogExtended_20250416.csv
2025-04-29 19:00:03,744 - INFO - Converting C:\Users\abidine.mouliom\Documents\GitHub\m7-pipeline-usage-local\data\raw\20250416\canal_digitaal__resellers\Canal Digitaal - Resellers_VODCatalogExtended_20250416.csv to Parquet format
2025-04-29 19:00:03,817 - INFO - Parquet written to C:\Users\abidine.mouliom\Documents\GitHub\m7-pipeline-usage-local\data\silver\20250416\canal_digitaal__resellers\Canal Digitaal - Resellers_VODCatalogExtended_20250416.parquet
2025-04-29 19:00:03,829 - INFO - Copying C:\Users\abidine.mouliom\Documents\GitHub\m7-pipeline-usage-local\data\landing\Canal Digitaal - Resellers_VODCatalog_20250416.csv to C:\Users\abidine.mouliom\Documents\GitHub\m7-pipeline-usage-local\data\raw\20250416\canal_digitaal__resellers\Canal Digitaal - Resellers_VODCatalog_20250416.csv
2025-04-29 19:00:03,858 - INFO - Keeping original file (DELETE_SOURCE_FILES=false): C:\Users\abidine.mouliom\Documents\GitHub\m7-pipeline-usage-local\data\landing\Canal Digitaal - Resellers_VODCatalog_20250416.csv
2025-04-29 19:00:03,859 - INFO - Converting C:\Users\abidine.mouliom\Documents\GitHub\m7-pipeline-usage-local\data\raw\20250416\canal_digitaal__resellers\Canal Digitaal - Resellers_VODCatalog_20250416.csv to Parquet format
2025-04-29 19:00:04,016 - INFO - Parquet written to C:\Users\abidine.mouliom\Documents\GitHub\m7-pipeline-usage-local\data\silver\20250416\canal_digitaal__resellers\Canal Digitaal - Resellers_VODCatalog_20250416.parquet
2025-04-29 19:00:04,019 - INFO - Log local créé: C:\Users\abidine.mouliom\Documents\GitHub\m7-pipeline-usage-local\data\logs\raw_logs_Canal Digitaal - Resellers_20250416.json
2025-04-29 19:00:04,019 - INFO - Processing group: brand=Canal Digitaal, date=20250416
2025-04-29 19:00:04,028 - INFO - Copying C:\Users\abidine.mouliom\Documents\GitHub\m7-pipeline-usage-local\data\landing\Canal Digitaal_Device_20250416.csv to C:\Users\abidine.mouliom\Documents\GitHub\m7-pipeline-usage-local\data\raw\20250416\canal_digitaal\Canal Digitaal_Device_20250416.csv
2025-04-29 19:00:04,228 - INFO - Keeping original file (DELETE_SOURCE_FILES=false): C:\Users\abidine.mouliom\Documents\GitHub\m7-pipeline-usage-local\data\landing\Canal Digitaal_Device_20250416.csv
2025-04-29 19:00:04,228 - INFO - Converting C:\Users\abidine.mouliom\Documents\GitHub\m7-pipeline-usage-local\data\raw\20250416\canal_digitaal\Canal Digitaal_Device_20250416.csv to Parquet format
2025-04-29 19:00:07,063 - INFO - Parquet written to C:\Users\abidine.mouliom\Documents\GitHub\m7-pipeline-usage-local\data\silver\20250416\canal_digitaal\Canal Digitaal_Device_20250416.parquet
2025-04-29 19:00:07,072 - INFO - Copying C:\Users\abidine.mouliom\Documents\GitHub\m7-pipeline-usage-local\data\landing\Canal Digitaal_EPG_20250416.csv to C:\Users\abidine.mouliom\Documents\GitHub\m7-pipeline-usage-local\data\raw\20250416\canal_digitaal\Canal Digitaal_EPG_20250416.csv
2025-04-29 19:00:07,086 - INFO - Keeping original file (DELETE_SOURCE_FILES=false): C:\Users\abidine.mouliom\Documents\GitHub\m7-pipeline-usage-local\data\landing\Canal Digitaal_EPG_20250416.csv
2025-04-29 19:00:07,087 - INFO - Converting C:\Users\abidine.mouliom\Documents\GitHub\m7-pipeline-usage-local\data\raw\20250416\canal_digitaal\Canal Digitaal_EPG_20250416.csv to Parquet format
2025-04-29 19:00:07,247 - INFO - Parquet written to C:\Users\abidine.mouliom\Documents\GitHub\m7-pipeline-usage-local\data\silver\20250416\canal_digitaal\Canal Digitaal_EPG_20250416.parquet
2025-04-29 19:00:07,259 - INFO - Copying C:\Users\abidine.mouliom\Documents\GitHub\m7-pipeline-usage-local\data\landing\Canal Digitaal_Playback_20250416.csv to C:\Users\abidine.mouliom\Documents\GitHub\m7-pipeline-usage-local\data\raw\20250416\canal_digitaal\Canal Digitaal_Playback_20250416.csv
2025-04-29 19:00:07,544 - INFO - Keeping original file (DELETE_SOURCE_FILES=false): C:\Users\abidine.mouliom\Documents\GitHub\m7-pipeline-usage-local\data\landing\Canal Digitaal_Playback_20250416.csv
2025-04-29 19:00:07,544 - INFO - Converting C:\Users\abidine.mouliom\Documents\GitHub\m7-pipeline-usage-local\data\raw\20250416\canal_digitaal\Canal Digitaal_Playback_20250416.csv to Parquet format
2025-04-29 19:00:11,857 - INFO - Parquet written to C:\Users\abidine.mouliom\Documents\GitHub\m7-pipeline-usage-local\data\silver\20250416\canal_digitaal\Canal Digitaal_Playback_20250416.parquet
2025-04-29 19:00:11,867 - INFO - Copying C:\Users\abidine.mouliom\Documents\GitHub\m7-pipeline-usage-local\data\landing\Canal Digitaal_User_20250416.csv to C:\Users\abidine.mouliom\Documents\GitHub\m7-pipeline-usage-local\data\raw\20250416\canal_digitaal\Canal Digitaal_User_20250416.csv
2025-04-29 19:00:11,979 - INFO - Keeping original file (DELETE_SOURCE_FILES=false): C:\Users\abidine.mouliom\Documents\GitHub\m7-pipeline-usage-local\data\landing\Canal Digitaal_User_20250416.csv
2025-04-29 19:00:11,980 - INFO - Converting C:\Users\abidine.mouliom\Documents\GitHub\m7-pipeline-usage-local\data\raw\20250416\canal_digitaal\Canal Digitaal_User_20250416.csv to Parquet format
2025-04-29 19:00:13,908 - INFO - Parquet written to C:\Users\abidine.mouliom\Documents\GitHub\m7-pipeline-usage-local\data\silver\20250416\canal_digitaal\Canal Digitaal_User_20250416.parquet
2025-04-29 19:00:13,923 - INFO - Copying C:\Users\abidine.mouliom\Documents\GitHub\m7-pipeline-usage-local\data\landing\Canal Digitaal_VODCatalogExtended_20250416.csv to C:\Users\abidine.mouliom\Documents\GitHub\m7-pipeline-usage-local\data\raw\20250416\canal_digitaal\Canal Digitaal_VODCatalogExtended_20250416.csv
2025-04-29 19:00:13,929 - INFO - Keeping original file (DELETE_SOURCE_FILES=false): C:\Users\abidine.mouliom\Documents\GitHub\m7-pipeline-usage-local\data\landing\Canal Digitaal_VODCatalogExtended_20250416.csv
2025-04-29 19:00:13,930 - INFO - Converting C:\Users\abidine.mouliom\Documents\GitHub\m7-pipeline-usage-local\data\raw\20250416\canal_digitaal\Canal Digitaal_VODCatalogExtended_20250416.csv to Parquet format
2025-04-29 19:00:14,038 - INFO - Parquet written to C:\Users\abidine.mouliom\Documents\GitHub\m7-pipeline-usage-local\data\silver\20250416\canal_digitaal\Canal Digitaal_VODCatalogExtended_20250416.parquet
2025-04-29 19:00:14,050 - INFO - Copying C:\Users\abidine.mouliom\Documents\GitHub\m7-pipeline-usage-local\data\landing\Canal Digitaal_VODCatalog_20250416.csv to C:\Users\abidine.mouliom\Documents\GitHub\m7-pipeline-usage-local\data\raw\20250416\canal_digitaal\Canal Digitaal_VODCatalog_20250416.csv
2025-04-29 19:00:14,068 - INFO - Keeping original file (DELETE_SOURCE_FILES=false): C:\Users\abidine.mouliom\Documents\GitHub\m7-pipeline-usage-local\data\landing\Canal Digitaal_VODCatalog_20250416.csv
2025-04-29 19:00:14,069 - INFO - Converting C:\Users\abidine.mouliom\Documents\GitHub\m7-pipeline-usage-local\data\raw\20250416\canal_digitaal\Canal Digitaal_VODCatalog_20250416.csv to Parquet format
2025-04-29 19:00:14,192 - INFO - Parquet written to C:\Users\abidine.mouliom\Documents\GitHub\m7-pipeline-usage-local\data\silver\20250416\canal_digitaal\Canal Digitaal_VODCatalog_20250416.parquet
2025-04-29 19:00:14,194 - INFO - Log local créé: C:\Users\abidine.mouliom\Documents\GitHub\m7-pipeline-usage-local\data\logs\raw_logs_Canal Digitaal_20250416.json
2025-04-29 19:00:14,195 - INFO - Finished processing. Total moved: 12
2025-04-29 19:00:14,197 - INFO - Moved 12 files.
2025-04-29 19:00:14,200 - INFO - Fichiers Parquet trouvés (12):
2025-04-29 19:00:14,201 - INFO -  - C:\Users\abidine.mouliom\Documents\GitHub\m7-pipeline-usage-local\data\silver\20250416\canal_digitaal\Canal Digitaal_Device_20250416.parquet
2025-04-29 19:00:14,201 - INFO -  - C:\Users\abidine.mouliom\Documents\GitHub\m7-pipeline-usage-local\data\silver\20250416\canal_digitaal\Canal Digitaal_EPG_20250416.parquet
2025-04-29 19:00:14,201 - INFO -  - C:\Users\abidine.mouliom\Documents\GitHub\m7-pipeline-usage-local\data\silver\20250416\canal_digitaal\Canal Digitaal_Playback_20250416.parquet
2025-04-29 19:00:14,201 - INFO -  - C:\Users\abidine.mouliom\Documents\GitHub\m7-pipeline-usage-local\data\silver\20250416\canal_digitaal\Canal Digitaal_User_20250416.parquet
2025-04-29 19:00:14,202 - INFO -  - C:\Users\abidine.mouliom\Documents\GitHub\m7-pipeline-usage-local\data\silver\20250416\canal_digitaal\Canal Digitaal_VODCatalogExtended_20250416.parquet
2025-04-29 19:00:14,202 - INFO -  - C:\Users\abidine.mouliom\Documents\GitHub\m7-pipeline-usage-local\data\silver\20250416\canal_digitaal\Canal Digitaal_VODCatalog_20250416.parquet
2025-04-29 19:00:14,202 - INFO -  - C:\Users\abidine.mouliom\Documents\GitHub\m7-pipeline-usage-local\data\silver\20250416\canal_digitaal__resellers\Canal Digitaal - Resellers_Device_20250416.parquet
2025-04-29 19:00:14,202 - INFO -  - C:\Users\abidine.mouliom\Documents\GitHub\m7-pipeline-usage-local\data\silver\20250416\canal_digitaal__resellers\Canal Digitaal - Resellers_EPG_20250416.parquet
2025-04-29 19:00:14,203 - INFO -  - C:\Users\abidine.mouliom\Documents\GitHub\m7-pipeline-usage-local\data\silver\20250416\canal_digitaal__resellers\Canal Digitaal - Resellers_Playback_20250416.parquet
2025-04-29 19:00:14,203 - INFO -  - C:\Users\abidine.mouliom\Documents\GitHub\m7-pipeline-usage-local\data\silver\20250416\canal_digitaal__resellers\Canal Digitaal - Resellers_User_20250416.parquet
2025-04-29 19:00:14,203 - INFO -  - C:\Users\abidine.mouliom\Documents\GitHub\m7-pipeline-usage-local\data\silver\20250416\canal_digitaal__resellers\Canal Digitaal - Resellers_VODCatalogExtended_20250416.parquet
2025-04-29 19:00:14,203 - INFO -  - C:\Users\abidine.mouliom\Documents\GitHub\m7-pipeline-usage-local\data\silver\20250416\canal_digitaal__resellers\Canal Digitaal - Resellers_VODCatalog_20250416.parquet
2025-04-29 19:00:15,589 - INFO - Contenu du premier fichier (Canal Digitaal_Device_20250416.parquet): 820270 lignes, colonnes: ['UserId', 'BoxType', 'Serial', 'Model', 'OS', 'App', 'FirstActivity', 'LastActivity', 'OEM', 'SubType']
2025-04-29 19:00:15,643 - INFO - [SUCCES] Conversion Parquet réussie dans silver
2025-04-29 19:00:15,643 - INFO - Process completed at: 2025-04-29 19:00:15.643221
2025-04-29 19:00:15,644 - INFO - Total duration: 0:00:20.140547
